2025-08-18 12:19:03,332 [INFO] Activator:176 - 


2025-08-18 12:19:03,334 [INFO] Activator:177 - !SESSION log4j initialized
2025-08-18 12:19:07,599 [INFO] LogOutputStream:77 - [STDOUT_REDIRECT] 
2025-08-18 12:19:08,469 [INFO] ApplicationProperties:184 - Using Application install path: /opt/st/stm32cubeide_1.18.1/plugins/com.st.stm32cube.common.mx_6.14.1.202504091515
2025-08-18 12:19:08,491 [INFO] DbMcusXml:78 - Set database path to: /opt/st/stm32cubeide_1.18.1/plugins/com.st.stm32cube.common.mx_6.14.1.202504091515//db//mcu/
2025-08-18 12:19:08,491 [INFO] ApiDb:274 - Set plugin database path to: /opt/st/stm32cubeide_1.18.1/plugins/com.st.stm32cube.common.mx_6.14.1.202504091515//db//plugins/boardmanager/
2025-08-18 12:19:08,492 [WARN] ApiDb:259 - Overriding images path with different value:  => /opt/st/stm32cubeide_1.18.1/plugins/com.st.stm32cube.common.mx_6.14.1.202504091515//db//plugins/mcufinder/images/
2025-08-18 12:19:08,502 [INFO] ApiDb:250 - Set database path to: /home/aaron/.stmcufinder/plugins/mcufinder//mcu/
2025-08-18 12:19:08,504 [INFO] DbMcusAds:125 - Set database path to: /home/aaron/.stmcufinder/plugins/mcufinder//mcu/
2025-08-18 12:19:08,506 [INFO] CrossReferenceDbSqlite:203 - Set database path to: /home/aaron/.stmcufinder/plugins/mcufinder//mcu/cs/
2025-08-18 12:19:08,642 [INFO] RulesReader:64 - Compatibility file has been processed (302 Rules)
2025-08-18 12:19:08,712 [INFO] DbMcusXml:78 - Set database path to: /opt/st/stm32cubeide_1.18.1/plugins/com.st.stm32cube.common.mx_6.14.1.202504091515//db//mcu/
2025-08-18 12:19:08,713 [INFO] ApiDb:274 - Set plugin database path to: /opt/st/stm32cubeide_1.18.1/plugins/com.st.stm32cube.common.mx_6.14.1.202504091515//db//plugins/boardmanager/
2025-08-18 12:19:08,713 [INFO] ApiDb:261 - Set plugin images path to: /opt/st/stm32cubeide_1.18.1/plugins/com.st.stm32cube.common.mx_6.14.1.202504091515//db//plugins/mcufinder/images/
2025-08-18 12:19:08,713 [WARN] DbFile:41 - Overriding database path with different value: /home/aaron/.stmcufinder/plugins/mcufinder/ => /home/aaron/.stmcufinder/plugins/mcufinder
2025-08-18 12:19:08,713 [INFO] ApiDb:250 - Set database path to: /home/aaron/.stmcufinder/plugins/mcufinder//mcu/
2025-08-18 12:19:08,713 [WARN] DbFile:41 - Overriding database path with different value: /home/aaron/.stmcufinder/plugins/mcufinder/ => /home/aaron/.stmcufinder/plugins/mcufinder
2025-08-18 12:19:08,714 [INFO] DbMcusAds:125 - Set database path to: /home/aaron/.stmcufinder/plugins/mcufinder//mcu/
2025-08-18 12:19:08,714 [WARN] DbFile:41 - Overriding database path with different value: /home/aaron/.stmcufinder/plugins/mcufinder/ => /home/aaron/.stmcufinder/plugins/mcufinder
2025-08-18 12:19:08,714 [WARN] DbFile:41 - Overriding database path with different value: /home/aaron/.stmcufinder/plugins/mcufinder/ => /home/aaron/.stmcufinder/plugins/mcufinder
2025-08-18 12:19:08,714 [INFO] CrossReferenceDbSqlite:203 - Set database path to: /home/aaron/.stmcufinder/plugins/mcufinder//mcu/cs/
2025-08-18 12:19:08,789 [INFO] MainPanel:272 - HeapMemory: 268435456
2025-08-18 12:19:08,980 [INFO] DbMcusXml:78 - Set database path to: /opt/st/stm32cubeide_1.18.1/plugins/com.st.stm32cube.common.mx_6.14.1.202504091515//db//mcu/
2025-08-18 12:19:08,981 [INFO] ApiDb:274 - Set plugin database path to: /opt/st/stm32cubeide_1.18.1/plugins/com.st.stm32cube.common.mx_6.14.1.202504091515//db//plugins/boardmanager/
2025-08-18 12:19:08,981 [INFO] ApiDb:261 - Set plugin images path to: /opt/st/stm32cubeide_1.18.1/plugins/com.st.stm32cube.common.mx_6.14.1.202504091515//db//plugins/mcufinder/images/
2025-08-18 12:19:08,982 [WARN] DbFile:41 - Overriding database path with different value: /home/aaron/.stmcufinder/plugins/mcufinder/ => /home/aaron/.stmcufinder/plugins/mcufinder
2025-08-18 12:19:08,982 [INFO] ApiDb:250 - Set database path to: /home/aaron/.stmcufinder/plugins/mcufinder//mcu/
2025-08-18 12:19:08,983 [WARN] DbFile:41 - Overriding database path with different value: /home/aaron/.stmcufinder/plugins/mcufinder/ => /home/aaron/.stmcufinder/plugins/mcufinder
2025-08-18 12:19:08,983 [INFO] DbMcusAds:125 - Set database path to: /home/aaron/.stmcufinder/plugins/mcufinder//mcu/
2025-08-18 12:19:08,983 [WARN] DbFile:41 - Overriding database path with different value: /home/aaron/.stmcufinder/plugins/mcufinder/ => /home/aaron/.stmcufinder/plugins/mcufinder
2025-08-18 12:19:08,984 [WARN] DbFile:41 - Overriding database path with different value: /home/aaron/.stmcufinder/plugins/mcufinder/ => /home/aaron/.stmcufinder/plugins/mcufinder
2025-08-18 12:19:08,984 [INFO] CrossReferenceDbSqlite:203 - Set database path to: /home/aaron/.stmcufinder/plugins/mcufinder//mcu/cs/
2025-08-18 12:19:09,033 [INFO] ApplicationProperties:184 - Using Application install path: /opt/st/stm32cubeide_1.18.1/plugins/com.st.stm32cube.common.mx_6.14.1.202504091515
2025-08-18 12:19:09,039 [INFO] PluginManage:196 - Search for loadable plugins [exclusion list=, ]
2025-08-18 12:19:09,043 [INFO] PluginManage:310 - Check plugin analytics
2025-08-18 12:19:09,376 [INFO] AnalyticsPlugin:253 - Accepted Software Licenses: 
2025-08-18 12:19:09,376 [INFO] AnalyticsPlugin:255 - Accepted CMSIS Pack Licenses: 
2025-08-18 12:19:09,376 [INFO] AnalyticsPlugin:257 - Accepted Firmware Licenses: 
2025-08-18 12:19:09,380 [INFO] PluginManage:359 - Loaded plugin analytics (category:tool,tabindex:-1)
2025-08-18 12:19:09,380 [INFO] PluginManage:310 - Check plugin cadmodel
2025-08-18 12:19:09,386 [INFO] CADModel:105 - Init CAD model plugin
2025-08-18 12:19:09,386 [INFO] PluginManage:359 - Loaded plugin cadmodel (category:power,tabindex:5)
2025-08-18 12:19:09,386 [INFO] PluginManage:310 - Check plugin clock
2025-08-18 12:19:09,397 [INFO] PluginManage:359 - Loaded plugin clock (category:base,tabindex:2)
2025-08-18 12:19:09,397 [INFO] PluginManage:310 - Check plugin ddr
2025-08-18 12:19:09,400 [INFO] PluginManage:359 - Loaded plugin ddr (category:tool,tabindex:6)
2025-08-18 12:19:09,400 [INFO] PluginManage:310 - Check plugin filemanager
2025-08-18 12:19:09,537 [INFO] PluginManage:359 - Loaded plugin filemanager (category:base,tabindex:10)
2025-08-18 12:19:09,537 [INFO] PluginManage:310 - Check plugin ipmanager
2025-08-18 12:19:09,542 [INFO] PluginManage:359 - Loaded plugin ipmanager (category:base,tabindex:5)
2025-08-18 12:19:09,542 [INFO] PluginManage:310 - Check plugin lpbam
2025-08-18 12:19:09,550 [INFO] PluginManage:359 - Loaded plugin lpbam (category:base,tabindex:0)
2025-08-18 12:19:09,550 [INFO] PluginManage:310 - Check plugin memorymap
2025-08-18 12:19:09,568 [INFO] PluginManage:359 - Loaded plugin memorymap (category:base,tabindex:4)
2025-08-18 12:19:09,569 [INFO] PluginManage:310 - Check plugin pinoutandconfiguration
2025-08-18 12:19:09,591 [INFO] PluginManage:359 - Loaded plugin pinoutandconfiguration (category:base,tabindex:1)
2025-08-18 12:19:09,592 [INFO] PluginManage:310 - Check plugin pinoutconfig
2025-08-18 12:19:09,834 [WARN] SupportedApi:132 - Cannot load RTOS API schema: s4s-elt-must-match.1: The content of 'definitions' must match (annotation?, (simpleType | complexType)?, (unique | key | keyref)*)). A problem was found starting at: attribute.
2025-08-18 12:19:10,170 [INFO] PluginManage:359 - Loaded plugin pinoutconfig (category:base,tabindex:0)
2025-08-18 12:19:10,170 [INFO] PluginManage:310 - Check plugin power
2025-08-18 12:19:10,179 [INFO] PluginManage:359 - Loaded plugin power (category:power,tabindex:4)
2025-08-18 12:19:10,180 [INFO] PluginManage:310 - Check plugin projectmanager
2025-08-18 12:19:10,194 [INFO] PluginManage:359 - Loaded plugin projectmanager (category:projectmanager,tabindex:4)
2025-08-18 12:19:10,194 [INFO] PluginManage:310 - Check plugin rif
2025-08-18 12:19:10,200 [INFO] PluginManage:359 - Loaded plugin rif (category:base,tabindex:3)
2025-08-18 12:19:10,200 [INFO] PluginManage:310 - Check plugin thirdparty
2025-08-18 12:19:10,317 [WARN] IntegrityCheckThread:84 - waiting for thirdparty lock release [integrity check]
2025-08-18 12:19:10,317 [INFO] PluginManage:359 - Loaded plugin thirdparty (category:base,tabindex:-1)
2025-08-18 12:19:10,317 [INFO] IntegrityCheckThread:86 - entering critical section [integrity check]
2025-08-18 12:19:10,317 [INFO] PluginManage:310 - Check plugin tools
2025-08-18 12:19:10,317 [INFO] ThirdPartyUpdaterWithRetryManager:70 - Updater plugin not ready yet. [1/15]
2025-08-18 12:19:10,319 [INFO] PluginManage:359 - Loaded plugin tools (category:base,tabindex:7)
2025-08-18 12:19:10,320 [INFO] PluginManage:310 - Check plugin tutovideos
2025-08-18 12:19:10,551 [INFO] PluginManage:359 - Loaded plugin tutovideos (category:base,tabindex:-1)
2025-08-18 12:19:10,551 [INFO] PluginManage:310 - Check plugin updater
2025-08-18 12:19:10,595 [INFO] PluginManage:359 - Loaded plugin updater (category:base,tabindex:12)
2025-08-18 12:19:10,595 [INFO] PluginManage:310 - Check plugin userauth
2025-08-18 12:19:10,604 [INFO] UserAuth:118 - Init User Auth plugin
2025-08-18 12:19:10,605 [INFO] PluginManage:359 - Loaded plugin userauth (category:base,tabindex:14)
2025-08-18 12:19:10,607 [INFO] PluginManage:283 - PluginManage : Loaded plugins [18]
2025-08-18 12:19:10,870 [INFO] PinOutPanel:1589 - setPackage(No Configuration,No Configuration)
2025-08-18 12:19:10,988 [INFO] CADModel:165 - CPN selected for project level
2025-08-18 12:19:10,989 [INFO] CADModel:114 - Register for checkConnection events
2025-08-18 12:19:11,019 [INFO] IPUIPlugin:80 - create IPUIPlugin
2025-08-18 12:19:11,020 [INFO] PluginManager:220 - loadIPPluginJar : add i2s
2025-08-18 12:19:11,031 [INFO] IPUIPlugin:80 - create IPUIPlugin
2025-08-18 12:19:11,032 [INFO] PluginManager:220 - loadIPPluginJar : add resmgrutility
2025-08-18 12:19:11,041 [INFO] IPUIPlugin:80 - create IPUIPlugin
2025-08-18 12:19:11,042 [INFO] PluginManager:220 - loadIPPluginJar : add nvic
2025-08-18 12:19:11,056 [INFO] IPUIPlugin:80 - create IPUIPlugin
2025-08-18 12:19:11,057 [INFO] PluginManager:220 - loadIPPluginJar : add mdma
2025-08-18 12:19:11,062 [INFO] IPUIPlugin:80 - create IPUIPlugin
2025-08-18 12:19:11,063 [INFO] PluginManager:220 - loadIPPluginJar : add can
2025-08-18 12:19:11,069 [INFO] IPUIPlugin:80 - create IPUIPlugin
2025-08-18 12:19:11,070 [INFO] PluginManager:220 - loadIPPluginJar : add extmemmanager
2025-08-18 12:19:11,073 [INFO] IPUIPlugin:80 - create IPUIPlugin
2025-08-18 12:19:11,073 [INFO] PluginManager:220 - loadIPPluginJar : add ltdc
2025-08-18 12:19:11,078 [INFO] IPUIPlugin:80 - create IPUIPlugin
2025-08-18 12:19:11,078 [INFO] PluginManager:220 - loadIPPluginJar : add gfxmmu
2025-08-18 12:19:11,083 [INFO] IPUIPlugin:80 - create IPUIPlugin
2025-08-18 12:19:11,084 [INFO] PluginManager:220 - loadIPPluginJar : add cryp
2025-08-18 12:19:11,088 [INFO] IPUIPlugin:80 - create IPUIPlugin
2025-08-18 12:19:11,088 [INFO] PluginManager:220 - loadIPPluginJar : add tracer_emb
2025-08-18 12:19:11,093 [INFO] IPUIPlugin:80 - create IPUIPlugin
2025-08-18 12:19:11,094 [INFO] PluginManager:220 - loadIPPluginJar : add gtzc
2025-08-18 12:19:11,100 [INFO] IPUIPlugin:80 - create IPUIPlugin
2025-08-18 12:19:11,101 [INFO] PluginManager:220 - loadIPPluginJar : add dfsdm
2025-08-18 12:19:11,108 [INFO] IPUIPlugin:80 - create IPUIPlugin
2025-08-18 12:19:11,108 [INFO] PluginManager:220 - loadIPPluginJar : add touchsensing
2025-08-18 12:19:11,123 [INFO] IPUIPlugin:80 - create IPUIPlugin
2025-08-18 12:19:11,123 [INFO] PluginManager:220 - loadIPPluginJar : add adc
2025-08-18 12:19:11,128 [INFO] IPUIPlugin:80 - create IPUIPlugin
2025-08-18 12:19:11,129 [INFO] PluginManager:220 - loadIPPluginJar : add lorawan
2025-08-18 12:19:11,133 [INFO] IPUIPlugin:80 - create IPUIPlugin
2025-08-18 12:19:11,134 [INFO] PluginManager:220 - loadIPPluginJar : add hash
2025-08-18 12:19:11,146 [INFO] IPUIPlugin:80 - create IPUIPlugin
2025-08-18 12:19:11,146 [INFO] PluginManager:220 - loadIPPluginJar : add freertos
2025-08-18 12:19:11,157 [INFO] IPUIPlugin:80 - create IPUIPlugin
2025-08-18 12:19:11,157 [INFO] PluginManager:220 - loadIPPluginJar : add gic
2025-08-18 12:19:11,160 [INFO] IPUIPlugin:80 - create IPUIPlugin
2025-08-18 12:19:11,161 [INFO] PluginManager:220 - loadIPPluginJar : add comp
2025-08-18 12:19:11,167 [INFO] IPUIPlugin:80 - create IPUIPlugin
2025-08-18 12:19:11,167 [INFO] PluginManager:220 - loadIPPluginJar : add i2c
2025-08-18 12:19:11,172 [INFO] IPUIPlugin:80 - create IPUIPlugin
2025-08-18 12:19:11,173 [INFO] PluginManager:220 - loadIPPluginJar : add usbx
2025-08-18 12:19:11,176 [INFO] IPUIPlugin:80 - create IPUIPlugin
2025-08-18 12:19:11,176 [INFO] PluginManager:220 - loadIPPluginJar : add tim
2025-08-18 12:19:11,178 [INFO] IPUIPlugin:80 - create IPUIPlugin
2025-08-18 12:19:11,178 [INFO] PluginManager:220 - loadIPPluginJar : add quadspi
2025-08-18 12:19:11,182 [INFO] IPUIPlugin:80 - create IPUIPlugin
2025-08-18 12:19:11,182 [INFO] PluginManager:220 - loadIPPluginJar : add openamp
2025-08-18 12:19:11,186 [INFO] IPUIPlugin:80 - create IPUIPlugin
2025-08-18 12:19:11,186 [INFO] PluginManager:220 - loadIPPluginJar : add i3c
2025-08-18 12:19:11,189 [INFO] IPUIPlugin:80 - create IPUIPlugin
2025-08-18 12:19:11,189 [INFO] PluginManager:220 - loadIPPluginJar : add opamp
2025-08-18 12:19:11,192 [INFO] IPUIPlugin:80 - create IPUIPlugin
2025-08-18 12:19:11,192 [INFO] PluginManager:220 - loadIPPluginJar : add pdm2pcm
2025-08-18 12:19:11,199 [INFO] IPUIPlugin:80 - create IPUIPlugin
2025-08-18 12:19:11,199 [INFO] PluginManager:220 - loadIPPluginJar : add stm32_wpan
2025-08-18 12:19:11,201 [INFO] IPUIPlugin:80 - create IPUIPlugin
2025-08-18 12:19:11,201 [INFO] PluginManager:220 - loadIPPluginJar : add tsc
2025-08-18 12:19:11,203 [INFO] IPUIPlugin:80 - create IPUIPlugin
2025-08-18 12:19:11,203 [INFO] PluginManager:220 - loadIPPluginJar : add ts
2025-08-18 12:19:11,204 [INFO] IPUIPlugin:80 - create IPUIPlugin
2025-08-18 12:19:11,204 [INFO] PluginManager:220 - loadIPPluginJar : add genericplugin
2025-08-18 12:19:11,210 [INFO] IPUIPlugin:80 - create IPUIPlugin
2025-08-18 12:19:11,212 [INFO] PluginManager:220 - loadIPPluginJar : add plateformsettings
2025-08-18 12:19:11,216 [INFO] IPUIPlugin:80 - create IPUIPlugin
2025-08-18 12:19:11,216 [INFO] PluginManager:220 - loadIPPluginJar : add fmc
2025-08-18 12:19:11,220 [INFO] IPUIPlugin:80 - create IPUIPlugin
2025-08-18 12:19:11,220 [INFO] PluginManager:220 - loadIPPluginJar : add dma
2025-08-18 12:19:11,222 [INFO] IPUIPlugin:80 - create IPUIPlugin
2025-08-18 12:19:11,222 [INFO] PluginManager:220 - loadIPPluginJar : add spi
2025-08-18 12:19:11,223 [INFO] IPUIPlugin:80 - create IPUIPlugin
2025-08-18 12:19:11,223 [INFO] PluginManager:220 - loadIPPluginJar : add fatfs
2025-08-18 12:19:11,226 [INFO] IPUIPlugin:80 - create IPUIPlugin
2025-08-18 12:19:11,226 [INFO] PluginManager:220 - loadIPPluginJar : add ddr_ctrl_phy
2025-08-18 12:19:11,228 [INFO] IPUIPlugin:80 - create IPUIPlugin
2025-08-18 12:19:11,228 [INFO] PluginManager:220 - loadIPPluginJar : add dma3
2025-08-18 12:19:11,231 [INFO] IPUIPlugin:80 - create IPUIPlugin
2025-08-18 12:19:11,231 [INFO] PluginManager:220 - loadIPPluginJar : add ipddr
2025-08-18 12:19:11,234 [INFO] IPUIPlugin:80 - create IPUIPlugin
2025-08-18 12:19:11,234 [INFO] PluginManager:220 - loadIPPluginJar : add gpio
2025-08-18 12:19:11,236 [INFO] IPUIPlugin:80 - create IPUIPlugin
2025-08-18 12:19:11,237 [INFO] PluginManager:220 - loadIPPluginJar : add usart
2025-08-18 12:19:11,238 [INFO] IPUIPlugin:80 - create IPUIPlugin
2025-08-18 12:19:11,239 [INFO] PluginManager:220 - loadIPPluginJar : add radio
2025-08-18 12:19:11,240 [INFO] IPUIPlugin:80 - create IPUIPlugin
2025-08-18 12:19:11,240 [INFO] PluginManager:220 - loadIPPluginJar : add aes
2025-08-18 12:19:11,245 [INFO] IPUIPlugin:80 - create IPUIPlugin
2025-08-18 12:19:11,246 [INFO] PluginManager:220 - loadIPPluginJar : add linkedlist
2025-08-18 12:19:11,248 [INFO] IPUIPlugin:80 - create IPUIPlugin
2025-08-18 12:19:11,248 [INFO] PluginManager:220 - loadIPPluginJar : add sai
2025-08-18 12:19:11,249 [INFO] IPUIPlugin:80 - create IPUIPlugin
2025-08-18 12:19:11,250 [INFO] PluginManager:220 - loadIPPluginJar : add ucpd
2025-08-18 12:19:11,350 [FATAL] Updater:351 - Updater called before beeing initialized
2025-08-18 12:19:11,435 [INFO] RulesReader:64 - Compatibility file has been processed (302 Rules)
2025-08-18 12:19:11,523 [INFO] RulesReader:64 - Compatibility file has been processed (302 Rules)
2025-08-18 12:19:11,543 [INFO] CADModel:165 - CPN selected for project level
2025-08-18 12:19:11,543 [INFO] CADModel:114 - Register for checkConnection events
2025-08-18 12:19:11,544 [FATAL] Updater:351 - Updater called before beeing initialized
2025-08-18 12:19:11,544 [ERROR] CADModel:125 - Updater not yet initialized, retry later 
2025-08-18 12:19:11,754 [FATAL] Updater:351 - Updater called before beeing initialized
2025-08-18 12:19:11,756 [INFO] CADModel:165 - CPN selected for project level
2025-08-18 12:19:11,756 [INFO] CADModel:114 - Register for checkConnection events
2025-08-18 12:19:11,756 [FATAL] Updater:351 - Updater called before beeing initialized
2025-08-18 12:19:11,757 [ERROR] CADModel:125 - Updater not yet initialized, retry later 
2025-08-18 12:19:11,760 [FATAL] Updater:351 - Updater called before beeing initialized
2025-08-18 12:19:11,845 [FATAL] Updater:351 - Updater called before beeing initialized
2025-08-18 12:19:11,849 [INFO] DbMcusAds:53 - JSON generation date=Thu Jun 19 01:32:37 PDT 2025 (1750321957418)
2025-08-18 12:19:11,849 [FATAL] Updater:351 - Updater called before beeing initialized
2025-08-18 12:19:11,882 [WARN] DetailPanel:346 - Failed to get advertising image, set to default
2025-08-18 12:19:12,108 [FATAL] Updater:351 - Updater called before beeing initialized
2025-08-18 12:19:12,111 [FATAL] Updater:351 - Updater called before beeing initialized
2025-08-18 12:19:12,111 [FATAL] Updater:351 - Updater called before beeing initialized
2025-08-18 12:19:12,111 [WARN] DetailPanel:346 - Failed to get advertising image, set to default
2025-08-18 12:19:12,112 [FATAL] Updater:351 - Updater called before beeing initialized
2025-08-18 12:19:12,136 [ERROR] Updater:1198 - MainUpdater not yet initialized. External WinMGr cannot be set.
2025-08-18 12:19:12,137 [INFO] Updater:1134 - Updater Version found : 6.14.1
2025-08-18 12:19:12,152 [INFO] ApplicationProperties:184 - Using Application install path: /opt/st/stm32cubeide_1.18.1/plugins/com.st.stm32cube.common.mx_6.14.1.202504091515
2025-08-18 12:19:12,161 [ERROR] LogOutputStream:75 - [STDERR_REDIRECT] Aug 18, 2025 12:19:12 PM java.util.prefs.FileSystemPreferences$2 run
2025-08-18 12:19:12,161 [ERROR] LogOutputStream:75 - [STDERR_REDIRECT] WARNING: Could not create system preferences directory. System preferences are unusable.
2025-08-18 12:19:12,161 [ERROR] LogOutputStream:75 - [STDERR_REDIRECT] 
2025-08-18 12:19:12,532 [INFO] MainUpdater:2872 - connection check result : 10
2025-08-18 12:19:12,533 [INFO] MainUpdater:3566 - Updater definition file requires update
2025-08-18 12:19:12,534 [INFO] MainUpdater:289 - Updater Check For Update Now.
2025-08-18 12:19:12,535 [INFO] MicroXplorer:498 - Change Database Version : DB.6.0.141
2025-08-18 12:19:12,547 [INFO] McuFinderGlobals:63 - Set McuFinder mode to 2 (CubeIDE integrated)
2025-08-18 12:19:12,550 [INFO] UserAuth:484 - Internet connection configuration mode: 1
2025-08-18 12:19:12,590 [INFO] JxBrowserEngine:152 - Initiate JxBrowser Engine with user profile folder
2025-08-18 12:19:12,764 [INFO] ServerAccessManage:473 - Download File updaters.zip
2025-08-18 12:19:13,318 [WARN] MainUpdater:1193 - Updater busy. Cannot search thirdparties
2025-08-18 12:19:13,319 [INFO] ThirdPartyUpdaterWithRetryManager:96 - Updater plugin is busy. [1/15]
2025-08-18 12:19:13,881 [INFO] FileExtend:242 - Unzip File : updaters.zip
2025-08-18 12:19:13,881 [INFO] FileExtend:257 - Standard Zip Deflate
2025-08-18 12:19:14,204 [INFO] ServerAccessManage:473 - Download File PacksControlFlags.xml
2025-08-18 12:19:14,502 [INFO] ServerAccessManage:473 - Download File cubemx.pidx
2025-08-18 12:19:14,803 [INFO] WebApp:169 - Instantiating new browser for Auth
2025-08-18 12:19:15,184 [INFO] ServerAccessManage:473 - Download File STMicroelectronics.FP-SNS-STBOX1.pdsc
2025-08-18 12:19:15,759 [INFO] ServerAccessManage:473 - Download File STMicroelectronics.X-CUBE-AI.pdsc
2025-08-18 12:19:16,168 [INFO] WebApp:463 - Apply proxy settings
2025-08-18 12:19:16,169 [INFO] WebApp:548 - Chromium requires no authentication
2025-08-18 12:19:16,179 [INFO] WebApp:491 - Direct internet connection detected
2025-08-18 12:19:16,201 [INFO] WebApp:894 - Register for checkConnection events
2025-08-18 12:19:16,201 [INFO] WebApp:463 - Apply proxy settings
2025-08-18 12:19:16,202 [INFO] WebApp:548 - Chromium requires no authentication
2025-08-18 12:19:16,202 [INFO] WebApp:491 - Direct internet connection detected
2025-08-18 12:19:16,319 [WARN] MainUpdater:1193 - Updater busy. Cannot search thirdparties
2025-08-18 12:19:16,320 [INFO] ThirdPartyUpdaterWithRetryManager:96 - Updater plugin is busy. [2/15]
2025-08-18 12:19:16,524 [INFO] WebApp:191 - Connection restablished
2025-08-18 12:19:16,646 [INFO] WebApp:225 - Starting web application
2025-08-18 12:19:16,647 [INFO] WebApp:593 - Web application path used /opt/st/stm32cubeide_1.18.1/plugins/com.st.stm32cube.common.mx_6.14.1.202504091515/db/plugins/mcufinder/reactClient1/index.html
2025-08-18 12:19:16,776 [INFO] UserAuth:484 - Internet connection configuration mode: 1
2025-08-18 12:19:19,320 [WARN] MainUpdater:1193 - Updater busy. Cannot search thirdparties
2025-08-18 12:19:19,321 [INFO] ThirdPartyUpdaterWithRetryManager:96 - Updater plugin is busy. [3/15]
2025-08-18 12:19:21,257 [INFO] ServerAccessManage:473 - Download File STMicroelectronics.X-CUBE-BLEMGR.pdsc
2025-08-18 12:19:22,321 [WARN] MainUpdater:1193 - Updater busy. Cannot search thirdparties
2025-08-18 12:19:22,322 [INFO] ThirdPartyUpdaterWithRetryManager:96 - Updater plugin is busy. [4/15]
2025-08-18 12:19:24,128 [ERROR] ServerAccessManage:1089 - Problem, file not found on Server
2025-08-18 12:19:25,322 [WARN] MainUpdater:1193 - Updater busy. Cannot search thirdparties
2025-08-18 12:19:25,323 [INFO] ThirdPartyUpdaterWithRetryManager:96 - Updater plugin is busy. [5/15]
2025-08-18 12:19:28,323 [WARN] MainUpdater:1193 - Updater busy. Cannot search thirdparties
2025-08-18 12:19:28,324 [INFO] ThirdPartyUpdaterWithRetryManager:96 - Updater plugin is busy. [6/15]
2025-08-18 12:19:30,170 [INFO] ServerAccessManage:473 - Download File STMicroelectronics.X-CUBE-EEPRMA1.pdsc
2025-08-18 12:19:31,324 [WARN] MainUpdater:1193 - Updater busy. Cannot search thirdparties
2025-08-18 12:19:31,324 [INFO] ThirdPartyUpdaterWithRetryManager:96 - Updater plugin is busy. [7/15]
2025-08-18 12:19:32,216 [ERROR] ServerAccessManage:1089 - Problem, file not found on Server
2025-08-18 12:19:33,962 [ERROR] ServerAccessManage:1089 - Problem, file not found on Server
2025-08-18 12:19:34,325 [WARN] MainUpdater:1193 - Updater busy. Cannot search thirdparties
2025-08-18 12:19:34,325 [INFO] ThirdPartyUpdaterWithRetryManager:96 - Updater plugin is busy. [8/15]
2025-08-18 12:19:36,927 [INFO] ServerAccessManage:473 - Download File STMicroelectronics.X-CUBE-NFC12.pdsc
2025-08-18 12:19:37,326 [WARN] MainUpdater:1193 - Updater busy. Cannot search thirdparties
2025-08-18 12:19:37,326 [INFO] ThirdPartyUpdaterWithRetryManager:96 - Updater plugin is busy. [9/15]
2025-08-18 12:19:37,516 [ERROR] LogOutputStream:75 - [STDERR_REDIRECT] Aug 18, 2025 12:19:37 PM java.util.prefs.FileSystemPreferences checkLockFile0ErrorCode
2025-08-18 12:19:37,517 [ERROR] LogOutputStream:75 - [STDERR_REDIRECT] WARNING: Could not lock System prefs. Unix error code 2.
2025-08-18 12:19:37,518 [ERROR] LogOutputStream:75 - [STDERR_REDIRECT] 
2025-08-18 12:19:37,519 [ERROR] LogOutputStream:75 - [STDERR_REDIRECT] Aug 18, 2025 12:19:37 PM java.util.prefs.FileSystemPreferences syncWorld
2025-08-18 12:19:37,519 [ERROR] LogOutputStream:75 - [STDERR_REDIRECT] WARNING: Couldn't flush system prefs: java.util.prefs.BackingStoreException: Couldn't get file lock.
2025-08-18 12:19:37,520 [ERROR] LogOutputStream:75 - [STDERR_REDIRECT] 
2025-08-18 12:19:38,570 [INFO] ServerAccessManage:473 - Download File STMicroelectronics.X-CUBE-AZRTOS-H7.pdsc
2025-08-18 12:19:40,326 [WARN] MainUpdater:1193 - Updater busy. Cannot search thirdparties
2025-08-18 12:19:40,327 [INFO] ThirdPartyUpdaterWithRetryManager:96 - Updater plugin is busy. [10/15]
2025-08-18 12:19:43,328 [WARN] MainUpdater:1193 - Updater busy. Cannot search thirdparties
2025-08-18 12:19:43,328 [INFO] ThirdPartyUpdaterWithRetryManager:96 - Updater plugin is busy. [11/15]
2025-08-18 12:19:45,053 [WARN] PopulateThirdPartyThread:106 - Error when creating pack: /home/aaron/.stm32cubemx/thirdparties/pdsc/STMicroelectronics.FP-SNS-STBOX1.pdsc
2025-08-18 12:19:45,072 [WARN] PackLoader:240 - Cannot read IP mode file for STMicroelectronics.X-CUBE-AI.10.2.0
2025-08-18 12:19:45,089 [WARN] PackLoader:240 - Cannot read IP mode file for STMicroelectronics.X-CUBE-BLEMGR.4.1.0
2025-08-18 12:19:45,103 [WARN] PackLoader:240 - Cannot read IP mode file for STMicroelectronics.X-CUBE-EEPRMA1.5.2.0
2025-08-18 12:19:45,110 [WARN] PackLoader:240 - Cannot read IP mode file for STMicroelectronics.X-CUBE-NFC12.1.0.0
2025-08-18 12:19:45,137 [WARN] PackLoader:240 - Cannot read IP mode file for STMicroelectronics.X-CUBE-AZRTOS-H7.3.4.0
2025-08-18 12:19:45,141 [INFO] PopulateThirdPartyThread:66 - Ending populate Thread
2025-08-18 12:19:45,142 [INFO] ThirdParty:1030 - CMSIS Pack Vendor :STMicroelectronics X-CUBE-BLEMGR 4.1.0
2025-08-18 12:19:45,142 [INFO] ThirdParty:1030 - CMSIS Pack Vendor :STMicroelectronics X-CUBE-EEPRMA1 5.2.0
2025-08-18 12:19:45,142 [INFO] ThirdParty:1030 - CMSIS Pack Vendor :STMicroelectronics X-CUBE-AZRTOS-H7 3.4.0
2025-08-18 12:19:45,142 [INFO] ThirdParty:1030 - CMSIS Pack Vendor :STMicroelectronics X-CUBE-AI 10.2.0
2025-08-18 12:19:45,142 [INFO] ThirdParty:1030 - CMSIS Pack Vendor :STMicroelectronics X-CUBE-NFC12 1.0.0
2025-08-18 12:19:45,143 [INFO] LoadServerUpdatesThread:375 - End of LoadServerUpdate Thread
2025-08-18 12:19:45,204 [INFO] CheckServerUpdateThread:120 - End of CheckServer Thread
2025-08-18 12:19:46,483 [WARN] PackLoader:240 - Cannot read IP mode file for STMicroelectronics.FP-SNS-MOTENVWB1.1.4.0
2025-08-18 12:19:46,487 [WARN] PackLoader:240 - Cannot read IP mode file for STMicroelectronics.FP-ATR-ASTRA1.2.0.2
2025-08-18 12:19:46,494 [WARN] PackLoader:240 - Cannot read IP mode file for STMicroelectronics.X-CUBE-SMBUS.2.1.0
2025-08-18 12:19:46,499 [WARN] PackLoader:240 - Cannot read IP mode file for STMicroelectronics.X-CUBE-ST60.1.0.0
2025-08-18 12:19:46,517 [WARN] PackLoader:240 - Cannot read IP mode file for STMicroelectronics.X-CUBE-AZRTOS-F7.1.1.0
2025-08-18 12:19:46,546 [WARN] PackLoader:240 - Cannot read IP mode file for Infineon.AIROC-Wi-Fi-Bluetooth-STM32.1.7.0
2025-08-18 12:19:46,578 [WARN] PackLoader:240 - Cannot read IP mode file for STMicroelectronics.X-CUBE-AZRTOS-H7.3.4.0
2025-08-18 12:19:46,588 [WARN] PackLoader:240 - Cannot read IP mode file for STMicroelectronics.X-CUBE-DISPLAY.3.0.0
2025-08-18 12:19:46,599 [WARN] PackLoader:240 - Cannot read IP mode file for STMicroelectronics.X-CUBE-NFC10.1.0.0
2025-08-18 12:19:46,611 [WARN] PackLoader:240 - Cannot read IP mode file for STMicroelectronics.X-CUBE-BLEMGR.4.0.0
2025-08-18 12:19:46,619 [WARN] PackLoader:240 - Cannot read IP mode file for emotas.I-CUBE-CANOPEN.1.3.0
2025-08-18 12:19:46,623 [WARN] ConditionMgr:438 - getConditionDescription Invalid condition id : Cortex-A Device cause : null
2025-08-18 12:19:46,632 [WARN] ConditionMgr:1044 - genDependencies : Invalid condition id : Cortex-A Device cause : null
2025-08-18 12:19:46,632 [WARN] ConditionMgr:1044 - genDependencies : Invalid condition id : Cortex-A Device cause : null
2025-08-18 12:19:46,633 [WARN] ConditionMgr:1044 - genDependencies : Invalid condition id : Cortex-A Device cause : null
2025-08-18 12:19:46,636 [ERROR] Engine:466 - /home/aaron/.stm32cubemx/thirdparties/pdsc/STMicroelectronics.FP-SNS-STBOX1.2.1.0.pdsc: PDSC version is not supported
2025-08-18 12:19:46,640 [WARN] PackLoader:240 - Cannot read IP mode file for STMicroelectronics.FP-SNS-SMARTAG2.1.2.0
2025-08-18 12:19:46,644 [WARN] PackLoader:240 - Cannot read IP mode file for STMicroelectronics.FP-SNS-FLIGHT1.5.1.0
2025-08-18 12:19:46,660 [INFO] LogOutputStream:77 - [STDOUT_REDIRECT] 1 : Invalid condition id : UX_CORESTACK_Condition cause : null
2025-08-18 12:19:46,660 [INFO] LogOutputStream:77 - [STDOUT_REDIRECT] 1 : Invalid condition id : UX_CORESTACK_Condition cause : null
2025-08-18 12:19:46,660 [INFO] LogOutputStream:77 - [STDOUT_REDIRECT] 1 : Invalid condition id : UX_CORESTACK_Condition cause : null
2025-08-18 12:19:46,660 [INFO] LogOutputStream:77 - [STDOUT_REDIRECT] 1 : Invalid condition id : UX_CORESTACK_Condition cause : null
2025-08-18 12:19:46,661 [INFO] LogOutputStream:77 - [STDOUT_REDIRECT] 1 : Invalid condition id : UX_CORESTACK_Condition cause : null
2025-08-18 12:19:46,663 [WARN] PackLoader:240 - Cannot read IP mode file for STMicroelectronics.X-CUBE-AZRTOS-WL.2.0.0
2025-08-18 12:19:46,668 [WARN] PackLoader:240 - Cannot read IP mode file for STMicroelectronics.FP-SNS-MOTENV1.5.0.0
2025-08-18 12:19:46,674 [WARN] PackLoader:240 - Cannot read IP mode file for WES.I-CUBE-Cesium.1.3.0
2025-08-18 12:19:46,678 [WARN] PackLoader:240 - Cannot read IP mode file for STMicroelectronics.X-CUBE-BLE2.3.3.0
2025-08-18 12:19:46,684 [WARN] PackLoader:240 - Cannot read IP mode file for STMicroelectronics.X-CUBE-NFC9.1.0.0
2025-08-18 12:19:46,689 [WARN] PackLoader:240 - Cannot read IP mode file for wolfSSL.I-CUBE-wolfSSL.5.8.0
2025-08-18 12:19:46,693 [WARN] PackLoader:240 - Cannot read IP mode file for STMicroelectronics.X-CUBE-BLE1.7.1.0
2025-08-18 12:19:46,696 [WARN] PackLoader:240 - Cannot read IP mode file for wolfSSL.I-CUBE-wolfMQTT.1.19.2
2025-08-18 12:19:46,702 [WARN] PackLoader:240 - Cannot read IP mode file for STMicroelectronics.X-CUBE-EEPRMA1.5.2.0
2025-08-18 12:19:46,707 [WARN] PackLoader:240 - Cannot read IP mode file for STMicroelectronics.X-CUBE-AI.10.1.0
2025-08-18 12:19:46,722 [WARN] PackLoader:240 - Cannot read IP mode file for STMicroelectronics.X-CUBE-AZRTOS-G0.1.1.0
2025-08-18 12:19:46,730 [WARN] PackLoader:240 - Cannot read IP mode file for STMicroelectronics.X-CUBE-SAFEA1.1.2.2
2025-08-18 12:19:46,738 [WARN] PackLoader:240 - Cannot read IP mode file for STMicroelectronics.X-CUBE-NFC4.3.0.0
2025-08-18 12:19:46,747 [WARN] PackLoader:240 - Cannot read IP mode file for EmbeddedOffice.I-CUBE-FS-RTOS.1.0.1
2025-08-18 12:19:46,754 [WARN] PackLoader:240 - Cannot read IP mode file for STMicroelectronics.X-CUBE-WB05N.2.0.0
2025-08-18 12:19:46,757 [WARN] PackLoader:240 - Cannot read IP mode file for wolfSSL.I-CUBE-wolfTPM.3.8.0
2025-08-18 12:19:46,762 [WARN] PackLoader:240 - Cannot read IP mode file for STMicroelectronics.X-CUBE-TCPP.4.2.0
2025-08-18 12:19:46,769 [WARN] PackLoader:240 - Cannot read IP mode file for RealThread.X-CUBE-RT-Thread_Nano.4.1.1
2025-08-18 12:19:46,773 [WARN] PackLoader:240 - Cannot read IP mode file for STMicroelectronics.FP-ATR-SIGFOX1.3.2.0
2025-08-18 12:19:46,778 [WARN] PackLoader:240 - Cannot read IP mode file for STMicroelectronics.X-CUBE-EEPRMA1.5.1.0
2025-08-18 12:19:46,786 [WARN] PackLoader:240 - Cannot read IP mode file for ITTIA_DB.I-CUBE-ITTIADB.8.9.0
2025-08-18 12:19:46,791 [WARN] PackLoader:240 - Cannot read IP mode file for STMicroelectronics.X-CUBE-ST67W61.1.0.0
2025-08-18 12:19:46,797 [WARN] PackLoader:240 - Cannot read IP mode file for STMicroelectronics.X-CUBE-AI.10.2.0
2025-08-18 12:19:46,827 [WARN] PackLoader:240 - Cannot read IP mode file for SEGGER.I-CUBE-embOS.1.3.1
2025-08-18 12:19:46,895 [WARN] PackLoader:240 - Cannot read IP mode file for STMicroelectronics.X-CUBE-ALGOBUILD.1.4.0
2025-08-18 12:19:46,926 [WARN] PackLoader:240 - Cannot read IP mode file for STMicroelectronics.X-CUBE-MEMS1.11.3.0
2025-08-18 12:19:47,036 [WARN] PackLoader:240 - Cannot read IP mode file for STMicroelectronics.X-CUBE-PM33A1.1.0.0
2025-08-18 12:19:47,047 [WARN] PackLoader:240 - Cannot read IP mode file for STMicroelectronics.X-CUBE-AZRTOS-F4.1.1.0
2025-08-18 12:19:47,052 [WARN] PackLoader:240 - Cannot read IP mode file for Avnet-IotConnect.X-CUBE-IoTC-DA16k-PMOD.1.0.0
2025-08-18 12:19:47,055 [WARN] PackLoader:240 - Cannot read IP mode file for STMicroelectronics.X-CUBE-ISPU.2.1.0
2025-08-18 12:19:47,058 [WARN] PackLoader:240 - Cannot read IP mode file for STMicroelectronics.X-CUBE-NFC12.1.0.0
2025-08-18 12:19:47,071 [WARN] PackLoader:240 - Cannot read IP mode file for STMicroelectronics.X-CUBE-AZRTOS-L5.2.0.0
2025-08-18 12:19:47,076 [WARN] PackLoader:240 - Cannot read IP mode file for STMicroelectronics.X-CUBE-NFC6.3.1.0
2025-08-18 12:19:47,082 [WARN] PackLoader:240 - Cannot read IP mode file for STMicroelectronics.X-CUBE-FREERTOS.1.3.1
2025-08-18 12:19:47,086 [WARN] PackLoader:240 - Cannot read IP mode file for STMicroelectronics.FP-SNS-STAIOTCFT.1.0.0
2025-08-18 12:19:47,090 [WARN] PackLoader:240 - Cannot read IP mode file for STMicroelectronics.X-CUBE-DPower.1.3.0
2025-08-18 12:19:47,105 [WARN] ConditionMgr:438 - getConditionDescription Invalid condition id : LAN8742 Phy interface Condition cause : null
2025-08-18 12:19:47,106 [WARN] PackLoader:240 - Cannot read IP mode file for STMicroelectronics.X-CUBE-AZRTOS-L4.2.0.0
2025-08-18 12:19:47,107 [WARN] ConditionMgr:1044 - genDependencies : Invalid condition id : LAN8742 Phy interface Condition cause : null
2025-08-18 12:19:47,107 [WARN] ConditionMgr:1044 - genDependencies : Invalid condition id : LAN8742 Phy interface Condition cause : null
2025-08-18 12:19:47,107 [WARN] ConditionMgr:1044 - genDependencies : Invalid condition id : LAN8742 Phy interface Condition cause : null
2025-08-18 12:19:47,112 [WARN] PackLoader:240 - Cannot read IP mode file for STMicroelectronics.X-CUBE-SFXS2LP1.4.0.0
2025-08-18 12:19:47,126 [WARN] PackLoader:240 - Cannot read IP mode file for STMicroelectronics.X-CUBE-AZRTOS-H7.3.3.0
2025-08-18 12:19:47,136 [WARN] PackLoader:240 - Cannot read IP mode file for STMicroelectronics.X-CUBE-BLEMGR.4.1.0
2025-08-18 12:19:47,147 [WARN] ConditionMgr:438 - getConditionDescription Invalid condition id : UX DEVICE CLASS RTOS Condition cause : null
2025-08-18 12:19:47,147 [WARN] ConditionMgr:438 - getConditionDescription Invalid condition id : UX DEVICE CLASS RTOS Condition cause : null
2025-08-18 12:19:47,149 [WARN] PackLoader:240 - Cannot read IP mode file for STMicroelectronics.X-CUBE-AZRTOS-WB.2.0.0
2025-08-18 12:19:47,149 [WARN] ConditionMgr:1044 - genDependencies : Invalid condition id : UX DEVICE CLASS RTOS Condition cause : null
2025-08-18 12:19:47,150 [WARN] ConditionMgr:1044 - genDependencies : Invalid condition id : UX DEVICE CLASS RTOS Condition cause : null
2025-08-18 12:19:47,150 [WARN] ConditionMgr:1044 - genDependencies : Invalid condition id : UX DEVICE CLASS RTOS Condition cause : null
2025-08-18 12:19:47,150 [WARN] ConditionMgr:1044 - genDependencies : Invalid condition id : UX DEVICE CLASS RTOS Condition cause : null
2025-08-18 12:19:47,150 [WARN] ConditionMgr:1044 - genDependencies : Invalid condition id : UX DEVICE CLASS RTOS Condition cause : null
2025-08-18 12:19:47,155 [WARN] PackLoader:240 - Cannot read IP mode file for STMicroelectronics.X-CUBE-GNSS1.7.0.1
2025-08-18 12:19:47,159 [WARN] PackLoader:240 - Cannot read IP mode file for STMicroelectronics.X-CUBE-TOUCHGFX.4.25.0
2025-08-18 12:19:47,163 [WARN] PackLoader:240 - Cannot read IP mode file for STMicroelectronics.FP-SNS-STBOX1.2.0.0
2025-08-18 12:19:47,173 [WARN] PackLoader:240 - Cannot read IP mode file for STMicroelectronics.X-CUBE-SUBG2.5.0.0
2025-08-18 12:19:47,226 [WARN] PackLoader:240 - Cannot read IP mode file for STMicroelectronics.X-CUBE-AZRTOS-H7RS.1.1.0
2025-08-18 12:19:47,239 [WARN] PackLoader:240 - Cannot read IP mode file for Cesanta.I-CUBE-Mongoose.7.13.0
2025-08-18 12:19:47,257 [WARN] PackLoader:240 - Cannot read IP mode file for STMicroelectronics.X-CUBE-AZRTOS-G4.2.0.0
2025-08-18 12:19:47,263 [WARN] PackLoader:240 - Cannot read IP mode file for wolfSSL.I-CUBE-wolfSSH.1.4.20
2025-08-18 12:19:47,268 [WARN] PackLoader:240 - Cannot read IP mode file for STMicroelectronics.X-CUBE-NFC7.2.0.0
2025-08-18 12:19:47,284 [WARN] PackLoader:240 - Cannot read IP mode file for STMicroelectronics.X-CUBE-IPS.3.1.0
2025-08-18 12:19:47,296 [WARN] PackLoader:240 - Cannot read IP mode file for STMicroelectronics.X-CUBE-ALS.1.0.2
2025-08-18 12:19:47,302 [WARN] PackLoader:240 - Cannot read IP mode file for portGmbH.I-Cube-SoM-uGOAL.1.1.0
2025-08-18 12:19:47,315 [WARN] PackLoader:240 - Cannot read IP mode file for STMicroelectronics.X-CUBE-TOF1.3.4.3
2025-08-18 12:19:47,347 [INFO] ThirdParty:978 - Integrity check success = true
2025-08-18 12:19:47,347 [INFO] IntegrityCheckThread:100 - exiting critical section [integrity check]
2025-08-18 12:19:47,347 [INFO] IntegrityCheckThread:103 - End integrity checks thread
2025-08-18 12:20:07,494 [ERROR] LogOutputStream:75 - [STDERR_REDIRECT] Aug 18, 2025 12:20:07 PM java.util.prefs.FileSystemPreferences checkLockFile0ErrorCode
2025-08-18 12:20:07,495 [ERROR] LogOutputStream:75 - [STDERR_REDIRECT] WARNING: Could not lock System prefs. Unix error code 2.
2025-08-18 12:20:07,495 [ERROR] LogOutputStream:75 - [STDERR_REDIRECT] 
2025-08-18 12:20:07,496 [ERROR] LogOutputStream:75 - [STDERR_REDIRECT] Aug 18, 2025 12:20:07 PM java.util.prefs.FileSystemPreferences syncWorld
2025-08-18 12:20:07,497 [ERROR] LogOutputStream:75 - [STDERR_REDIRECT] WARNING: Couldn't flush system prefs: java.util.prefs.BackingStoreException: Couldn't get file lock.
2025-08-18 12:20:07,498 [ERROR] LogOutputStream:75 - [STDERR_REDIRECT] 
2025-08-18 12:20:37,502 [ERROR] LogOutputStream:75 - [STDERR_REDIRECT] Aug 18, 2025 12:20:37 PM java.util.prefs.FileSystemPreferences checkLockFile0ErrorCode
2025-08-18 12:20:37,503 [ERROR] LogOutputStream:75 - [STDERR_REDIRECT] WARNING: Could not lock System prefs. Unix error code 2.
2025-08-18 12:20:37,503 [ERROR] LogOutputStream:75 - [STDERR_REDIRECT] 
2025-08-18 12:20:37,505 [ERROR] LogOutputStream:75 - [STDERR_REDIRECT] Aug 18, 2025 12:20:37 PM java.util.prefs.FileSystemPreferences syncWorld
2025-08-18 12:20:37,505 [ERROR] LogOutputStream:75 - [STDERR_REDIRECT] WARNING: Couldn't flush system prefs: java.util.prefs.BackingStoreException: Couldn't get file lock.
2025-08-18 12:20:37,505 [ERROR] LogOutputStream:75 - [STDERR_REDIRECT] 
