2025-06-29 00:00:07,625 [ERROR] LogOutputStream:75 - [STDERR_REDIRECT] Jun 29, 2025 12:00:07 AM java.util.prefs.FileSystemPreferences checkLockFile0ErrorCode
2025-06-29 00:00:07,646 [ERROR] LogOutputStream:75 - [STDERR_REDIRECT] WARNING: Could not lock System prefs. Unix error code 2.
2025-06-29 00:00:07,646 [ERROR] LogOutputStream:75 - [STDERR_REDIRECT] 
2025-06-29 00:00:07,647 [ERROR] LogOutputStream:75 - [STDERR_REDIRECT] Jun 29, 2025 12:00:07 AM java.util.prefs.FileSystemPreferences syncWorld
2025-06-29 00:00:07,647 [ERROR] LogOutputStream:75 - [STDERR_REDIRECT] WARNING: Couldn't flush system prefs: java.util.prefs.BackingStoreException: Couldn't get file lock.
2025-06-29 00:00:07,647 [ERROR] LogOutputStream:75 - [STDERR_REDIRECT] 
2025-06-29 00:00:37,625 [ERROR] LogOutputStream:75 - [STDERR_REDIRECT] Jun 29, 2025 12:00:37 AM java.util.prefs.FileSystemPreferences checkLockFile0ErrorCode
2025-06-29 00:00:37,625 [ERROR] LogOutputStream:75 - [STDERR_REDIRECT] WARNING: Could not lock System prefs. Unix error code 2.
2025-06-29 00:00:37,625 [ERROR] LogOutputStream:75 - [STDERR_REDIRECT] 
2025-06-29 00:00:37,626 [ERROR] LogOutputStream:75 - [STDERR_REDIRECT] Jun 29, 2025 12:00:37 AM java.util.prefs.FileSystemPreferences syncWorld
2025-06-29 00:00:37,626 [ERROR] LogOutputStream:75 - [STDERR_REDIRECT] WARNING: Couldn't flush system prefs: java.util.prefs.BackingStoreException: Couldn't get file lock.
2025-06-29 00:00:37,626 [ERROR] LogOutputStream:75 - [STDERR_REDIRECT] 
2025-06-29 00:01:07,625 [ERROR] LogOutputStream:75 - [STDERR_REDIRECT] Jun 29, 2025 12:01:07 AM java.util.prefs.FileSystemPreferences checkLockFile0ErrorCode
2025-06-29 00:01:07,626 [ERROR] LogOutputStream:75 - [STDERR_REDIRECT] WARNING: Could not lock System prefs. Unix error code 2.
2025-06-29 00:01:07,626 [ERROR] LogOutputStream:75 - [STDERR_REDIRECT] 
2025-06-29 00:01:07,626 [ERROR] LogOutputStream:75 - [STDERR_REDIRECT] Jun 29, 2025 12:01:07 AM java.util.prefs.FileSystemPreferences syncWorld
2025-06-29 00:01:07,626 [ERROR] LogOutputStream:75 - [STDERR_REDIRECT] WARNING: Couldn't flush system prefs: java.util.prefs.BackingStoreException: Couldn't get file lock.
2025-06-29 00:01:07,627 [ERROR] LogOutputStream:75 - [STDERR_REDIRECT] 
2025-06-29 00:01:37,625 [ERROR] LogOutputStream:75 - [STDERR_REDIRECT] Jun 29, 2025 12:01:37 AM java.util.prefs.FileSystemPreferences checkLockFile0ErrorCode
2025-06-29 00:01:37,626 [ERROR] LogOutputStream:75 - [STDERR_REDIRECT] WARNING: Could not lock System prefs. Unix error code 2.
2025-06-29 00:01:37,626 [ERROR] LogOutputStream:75 - [STDERR_REDIRECT] 
2025-06-29 00:01:37,626 [ERROR] LogOutputStream:75 - [STDERR_REDIRECT] Jun 29, 2025 12:01:37 AM java.util.prefs.FileSystemPreferences syncWorld
2025-06-29 00:01:37,627 [ERROR] LogOutputStream:75 - [STDERR_REDIRECT] WARNING: Couldn't flush system prefs: java.util.prefs.BackingStoreException: Couldn't get file lock.
2025-06-29 00:01:37,627 [ERROR] LogOutputStream:75 - [STDERR_REDIRECT] 
2025-06-29 00:02:07,626 [ERROR] LogOutputStream:75 - [STDERR_REDIRECT] Jun 29, 2025 12:02:07 AM java.util.prefs.FileSystemPreferences checkLockFile0ErrorCode
2025-06-29 00:02:07,626 [ERROR] LogOutputStream:75 - [STDERR_REDIRECT] WARNING: Could not lock System prefs. Unix error code 2.
2025-06-29 00:02:07,626 [ERROR] LogOutputStream:75 - [STDERR_REDIRECT] 
2025-06-29 00:02:07,627 [ERROR] LogOutputStream:75 - [STDERR_REDIRECT] Jun 29, 2025 12:02:07 AM java.util.prefs.FileSystemPreferences syncWorld
2025-06-29 00:02:07,627 [ERROR] LogOutputStream:75 - [STDERR_REDIRECT] WARNING: Couldn't flush system prefs: java.util.prefs.BackingStoreException: Couldn't get file lock.
2025-06-29 00:02:07,627 [ERROR] LogOutputStream:75 - [STDERR_REDIRECT] 
2025-06-29 00:02:37,626 [ERROR] LogOutputStream:75 - [STDERR_REDIRECT] Jun 29, 2025 12:02:37 AM java.util.prefs.FileSystemPreferences checkLockFile0ErrorCode
2025-06-29 00:02:37,626 [ERROR] LogOutputStream:75 - [STDERR_REDIRECT] WARNING: Could not lock System prefs. Unix error code 2.
2025-06-29 00:02:37,626 [ERROR] LogOutputStream:75 - [STDERR_REDIRECT] 
2025-06-29 00:02:37,627 [ERROR] LogOutputStream:75 - [STDERR_REDIRECT] Jun 29, 2025 12:02:37 AM java.util.prefs.FileSystemPreferences syncWorld
2025-06-29 00:02:37,627 [ERROR] LogOutputStream:75 - [STDERR_REDIRECT] WARNING: Couldn't flush system prefs: java.util.prefs.BackingStoreException: Couldn't get file lock.
2025-06-29 00:02:37,627 [ERROR] LogOutputStream:75 - [STDERR_REDIRECT] 
2025-06-29 00:03:07,626 [ERROR] LogOutputStream:75 - [STDERR_REDIRECT] Jun 29, 2025 12:03:07 AM java.util.prefs.FileSystemPreferences checkLockFile0ErrorCode
2025-06-29 00:03:07,626 [ERROR] LogOutputStream:75 - [STDERR_REDIRECT] WARNING: Could not lock System prefs. Unix error code 2.
2025-06-29 00:03:07,626 [ERROR] LogOutputStream:75 - [STDERR_REDIRECT] 
2025-06-29 00:03:07,627 [ERROR] LogOutputStream:75 - [STDERR_REDIRECT] Jun 29, 2025 12:03:07 AM java.util.prefs.FileSystemPreferences syncWorld
2025-06-29 00:03:07,627 [ERROR] LogOutputStream:75 - [STDERR_REDIRECT] WARNING: Couldn't flush system prefs: java.util.prefs.BackingStoreException: Couldn't get file lock.
2025-06-29 00:03:07,627 [ERROR] LogOutputStream:75 - [STDERR_REDIRECT] 
2025-06-29 00:03:37,626 [ERROR] LogOutputStream:75 - [STDERR_REDIRECT] Jun 29, 2025 12:03:37 AM java.util.prefs.FileSystemPreferences checkLockFile0ErrorCode
2025-06-29 00:03:37,627 [ERROR] LogOutputStream:75 - [STDERR_REDIRECT] WARNING: Could not lock System prefs. Unix error code 2.
2025-06-29 00:03:37,627 [ERROR] LogOutputStream:75 - [STDERR_REDIRECT] 
2025-06-29 00:03:37,627 [ERROR] LogOutputStream:75 - [STDERR_REDIRECT] Jun 29, 2025 12:03:37 AM java.util.prefs.FileSystemPreferences syncWorld
2025-06-29 00:03:37,628 [ERROR] LogOutputStream:75 - [STDERR_REDIRECT] WARNING: Couldn't flush system prefs: java.util.prefs.BackingStoreException: Couldn't get file lock.
2025-06-29 00:03:37,628 [ERROR] LogOutputStream:75 - [STDERR_REDIRECT] 
2025-06-29 00:04:07,626 [ERROR] LogOutputStream:75 - [STDERR_REDIRECT] Jun 29, 2025 12:04:07 AM java.util.prefs.FileSystemPreferences checkLockFile0ErrorCode
2025-06-29 00:04:07,626 [ERROR] LogOutputStream:75 - [STDERR_REDIRECT] WARNING: Could not lock System prefs. Unix error code 2.
2025-06-29 00:04:07,626 [ERROR] LogOutputStream:75 - [STDERR_REDIRECT] 
2025-06-29 00:04:07,627 [ERROR] LogOutputStream:75 - [STDERR_REDIRECT] Jun 29, 2025 12:04:07 AM java.util.prefs.FileSystemPreferences syncWorld
2025-06-29 00:04:07,627 [ERROR] LogOutputStream:75 - [STDERR_REDIRECT] WARNING: Couldn't flush system prefs: java.util.prefs.BackingStoreException: Couldn't get file lock.
2025-06-29 00:04:07,627 [ERROR] LogOutputStream:75 - [STDERR_REDIRECT] 
2025-06-29 00:04:37,626 [ERROR] LogOutputStream:75 - [STDERR_REDIRECT] Jun 29, 2025 12:04:37 AM java.util.prefs.FileSystemPreferences checkLockFile0ErrorCode
2025-06-29 00:04:37,626 [ERROR] LogOutputStream:75 - [STDERR_REDIRECT] WARNING: Could not lock System prefs. Unix error code 2.
2025-06-29 00:04:37,626 [ERROR] LogOutputStream:75 - [STDERR_REDIRECT] 
2025-06-29 00:04:37,627 [ERROR] LogOutputStream:75 - [STDERR_REDIRECT] Jun 29, 2025 12:04:37 AM java.util.prefs.FileSystemPreferences syncWorld
2025-06-29 00:04:37,627 [ERROR] LogOutputStream:75 - [STDERR_REDIRECT] WARNING: Couldn't flush system prefs: java.util.prefs.BackingStoreException: Couldn't get file lock.
2025-06-29 00:04:37,627 [ERROR] LogOutputStream:75 - [STDERR_REDIRECT] 
2025-06-29 00:05:07,626 [ERROR] LogOutputStream:75 - [STDERR_REDIRECT] Jun 29, 2025 12:05:07 AM java.util.prefs.FileSystemPreferences checkLockFile0ErrorCode
2025-06-29 00:05:07,626 [ERROR] LogOutputStream:75 - [STDERR_REDIRECT] WARNING: Could not lock System prefs. Unix error code 2.
2025-06-29 00:05:07,627 [ERROR] LogOutputStream:75 - [STDERR_REDIRECT] 
2025-06-29 00:05:07,627 [ERROR] LogOutputStream:75 - [STDERR_REDIRECT] Jun 29, 2025 12:05:07 AM java.util.prefs.FileSystemPreferences syncWorld
2025-06-29 00:05:07,627 [ERROR] LogOutputStream:75 - [STDERR_REDIRECT] WARNING: Couldn't flush system prefs: java.util.prefs.BackingStoreException: Couldn't get file lock.
2025-06-29 00:05:07,627 [ERROR] LogOutputStream:75 - [STDERR_REDIRECT] 
2025-06-29 00:05:37,626 [ERROR] LogOutputStream:75 - [STDERR_REDIRECT] Jun 29, 2025 12:05:37 AM java.util.prefs.FileSystemPreferences checkLockFile0ErrorCode
2025-06-29 00:05:37,626 [ERROR] LogOutputStream:75 - [STDERR_REDIRECT] WARNING: Could not lock System prefs. Unix error code 2.
2025-06-29 00:05:37,626 [ERROR] LogOutputStream:75 - [STDERR_REDIRECT] 
2025-06-29 00:05:37,626 [ERROR] LogOutputStream:75 - [STDERR_REDIRECT] Jun 29, 2025 12:05:37 AM java.util.prefs.FileSystemPreferences syncWorld
2025-06-29 00:05:37,627 [ERROR] LogOutputStream:75 - [STDERR_REDIRECT] WARNING: Couldn't flush system prefs: java.util.prefs.BackingStoreException: Couldn't get file lock.
2025-06-29 00:05:37,627 [ERROR] LogOutputStream:75 - [STDERR_REDIRECT] 
2025-06-29 00:06:07,626 [ERROR] LogOutputStream:75 - [STDERR_REDIRECT] Jun 29, 2025 12:06:07 AM java.util.prefs.FileSystemPreferences checkLockFile0ErrorCode
2025-06-29 00:06:07,626 [ERROR] LogOutputStream:75 - [STDERR_REDIRECT] WARNING: Could not lock System prefs. Unix error code 2.
2025-06-29 00:06:07,627 [ERROR] LogOutputStream:75 - [STDERR_REDIRECT] 
2025-06-29 00:06:07,627 [ERROR] LogOutputStream:75 - [STDERR_REDIRECT] Jun 29, 2025 12:06:07 AM java.util.prefs.FileSystemPreferences syncWorld
2025-06-29 00:06:07,627 [ERROR] LogOutputStream:75 - [STDERR_REDIRECT] WARNING: Couldn't flush system prefs: java.util.prefs.BackingStoreException: Couldn't get file lock.
2025-06-29 00:06:07,627 [ERROR] LogOutputStream:75 - [STDERR_REDIRECT] 
2025-06-29 00:06:37,625 [ERROR] LogOutputStream:75 - [STDERR_REDIRECT] Jun 29, 2025 12:06:37 AM java.util.prefs.FileSystemPreferences checkLockFile0ErrorCode
2025-06-29 00:06:37,626 [ERROR] LogOutputStream:75 - [STDERR_REDIRECT] WARNING: Could not lock System prefs. Unix error code 2.
2025-06-29 00:06:37,626 [ERROR] LogOutputStream:75 - [STDERR_REDIRECT] 
2025-06-29 00:06:37,627 [ERROR] LogOutputStream:75 - [STDERR_REDIRECT] Jun 29, 2025 12:06:37 AM java.util.prefs.FileSystemPreferences syncWorld
2025-06-29 00:06:37,627 [ERROR] LogOutputStream:75 - [STDERR_REDIRECT] WARNING: Couldn't flush system prefs: java.util.prefs.BackingStoreException: Couldn't get file lock.
2025-06-29 00:06:37,627 [ERROR] LogOutputStream:75 - [STDERR_REDIRECT] 
2025-06-29 00:07:07,626 [ERROR] LogOutputStream:75 - [STDERR_REDIRECT] Jun 29, 2025 12:07:07 AM java.util.prefs.FileSystemPreferences checkLockFile0ErrorCode
2025-06-29 00:07:07,626 [ERROR] LogOutputStream:75 - [STDERR_REDIRECT] WARNING: Could not lock System prefs. Unix error code 2.
2025-06-29 00:07:07,627 [ERROR] LogOutputStream:75 - [STDERR_REDIRECT] 
2025-06-29 00:07:07,627 [ERROR] LogOutputStream:75 - [STDERR_REDIRECT] Jun 29, 2025 12:07:07 AM java.util.prefs.FileSystemPreferences syncWorld
2025-06-29 00:07:07,627 [ERROR] LogOutputStream:75 - [STDERR_REDIRECT] WARNING: Couldn't flush system prefs: java.util.prefs.BackingStoreException: Couldn't get file lock.
2025-06-29 00:07:07,628 [ERROR] LogOutputStream:75 - [STDERR_REDIRECT] 
2025-06-29 00:07:37,626 [ERROR] LogOutputStream:75 - [STDERR_REDIRECT] Jun 29, 2025 12:07:37 AM java.util.prefs.FileSystemPreferences checkLockFile0ErrorCode
2025-06-29 00:07:37,626 [ERROR] LogOutputStream:75 - [STDERR_REDIRECT] WARNING: Could not lock System prefs. Unix error code 2.
2025-06-29 00:07:37,627 [ERROR] LogOutputStream:75 - [STDERR_REDIRECT] 
2025-06-29 00:07:37,627 [ERROR] LogOutputStream:75 - [STDERR_REDIRECT] Jun 29, 2025 12:07:37 AM java.util.prefs.FileSystemPreferences syncWorld
2025-06-29 00:07:37,628 [ERROR] LogOutputStream:75 - [STDERR_REDIRECT] WARNING: Couldn't flush system prefs: java.util.prefs.BackingStoreException: Couldn't get file lock.
2025-06-29 00:07:37,628 [ERROR] LogOutputStream:75 - [STDERR_REDIRECT] 
2025-06-29 21:51:55,622 [ERROR] LogOutputStream:75 - [STDERR_REDIRECT] Jun 29, 2025 9:51:55 PM java.util.prefs.FileSystemPreferences checkLockFile0ErrorCode
2025-06-29 21:51:55,623 [ERROR] LogOutputStream:75 - [STDERR_REDIRECT] WARNING: Could not lock System prefs. Unix error code 2.
2025-06-29 21:51:55,623 [ERROR] LogOutputStream:75 - [STDERR_REDIRECT] 
2025-06-29 21:51:55,624 [ERROR] LogOutputStream:75 - [STDERR_REDIRECT] Jun 29, 2025 9:51:55 PM java.util.prefs.FileSystemPreferences syncWorld
2025-06-29 21:51:55,624 [ERROR] LogOutputStream:75 - [STDERR_REDIRECT] WARNING: Couldn't flush system prefs: java.util.prefs.BackingStoreException: Couldn't get file lock.
2025-06-29 21:51:55,624 [ERROR] LogOutputStream:75 - [STDERR_REDIRECT] 
2025-06-29 21:52:25,621 [ERROR] LogOutputStream:75 - [STDERR_REDIRECT] Jun 29, 2025 9:52:25 PM java.util.prefs.FileSystemPreferences checkLockFile0ErrorCode
2025-06-29 21:52:25,621 [ERROR] LogOutputStream:75 - [STDERR_REDIRECT] WARNING: Could not lock System prefs. Unix error code 2.
2025-06-29 21:52:25,622 [ERROR] LogOutputStream:75 - [STDERR_REDIRECT] 
2025-06-29 21:52:25,622 [ERROR] LogOutputStream:75 - [STDERR_REDIRECT] Jun 29, 2025 9:52:25 PM java.util.prefs.FileSystemPreferences syncWorld
2025-06-29 21:52:25,622 [ERROR] LogOutputStream:75 - [STDERR_REDIRECT] WARNING: Couldn't flush system prefs: java.util.prefs.BackingStoreException: Couldn't get file lock.
2025-06-29 21:52:25,623 [ERROR] LogOutputStream:75 - [STDERR_REDIRECT] 
2025-06-29 21:52:55,619 [ERROR] LogOutputStream:75 - [STDERR_REDIRECT] Jun 29, 2025 9:52:55 PM java.util.prefs.FileSystemPreferences checkLockFile0ErrorCode
2025-06-29 21:52:55,620 [ERROR] LogOutputStream:75 - [STDERR_REDIRECT] WARNING: Could not lock System prefs. Unix error code 2.
2025-06-29 21:52:55,620 [ERROR] LogOutputStream:75 - [STDERR_REDIRECT] 
2025-06-29 21:52:55,621 [ERROR] LogOutputStream:75 - [STDERR_REDIRECT] Jun 29, 2025 9:52:55 PM java.util.prefs.FileSystemPreferences syncWorld
2025-06-29 21:52:55,622 [ERROR] LogOutputStream:75 - [STDERR_REDIRECT] WARNING: Couldn't flush system prefs: java.util.prefs.BackingStoreException: Couldn't get file lock.
2025-06-29 21:52:55,622 [ERROR] LogOutputStream:75 - [STDERR_REDIRECT] 
2025-06-29 21:53:25,619 [ERROR] LogOutputStream:75 - [STDERR_REDIRECT] Jun 29, 2025 9:53:25 PM java.util.prefs.FileSystemPreferences checkLockFile0ErrorCode
2025-06-29 21:53:25,619 [ERROR] LogOutputStream:75 - [STDERR_REDIRECT] WARNING: Could not lock System prefs. Unix error code 2.
2025-06-29 21:53:25,620 [ERROR] LogOutputStream:75 - [STDERR_REDIRECT] 
2025-06-29 21:53:25,620 [ERROR] LogOutputStream:75 - [STDERR_REDIRECT] Jun 29, 2025 9:53:25 PM java.util.prefs.FileSystemPreferences syncWorld
2025-06-29 21:53:25,620 [ERROR] LogOutputStream:75 - [STDERR_REDIRECT] WARNING: Couldn't flush system prefs: java.util.prefs.BackingStoreException: Couldn't get file lock.
2025-06-29 21:53:25,620 [ERROR] LogOutputStream:75 - [STDERR_REDIRECT] 
2025-06-29 21:53:55,618 [ERROR] LogOutputStream:75 - [STDERR_REDIRECT] Jun 29, 2025 9:53:55 PM java.util.prefs.FileSystemPreferences checkLockFile0ErrorCode
2025-06-29 21:53:55,619 [ERROR] LogOutputStream:75 - [STDERR_REDIRECT] WARNING: Could not lock System prefs. Unix error code 2.
2025-06-29 21:53:55,619 [ERROR] LogOutputStream:75 - [STDERR_REDIRECT] 
2025-06-29 21:53:55,620 [ERROR] LogOutputStream:75 - [STDERR_REDIRECT] Jun 29, 2025 9:53:55 PM java.util.prefs.FileSystemPreferences syncWorld
2025-06-29 21:53:55,620 [ERROR] LogOutputStream:75 - [STDERR_REDIRECT] WARNING: Couldn't flush system prefs: java.util.prefs.BackingStoreException: Couldn't get file lock.
2025-06-29 21:53:55,620 [ERROR] LogOutputStream:75 - [STDERR_REDIRECT] 
2025-06-29 21:54:25,619 [ERROR] LogOutputStream:75 - [STDERR_REDIRECT] Jun 29, 2025 9:54:25 PM java.util.prefs.FileSystemPreferences checkLockFile0ErrorCode
2025-06-29 21:54:25,619 [ERROR] LogOutputStream:75 - [STDERR_REDIRECT] WARNING: Could not lock System prefs. Unix error code 2.
2025-06-29 21:54:25,619 [ERROR] LogOutputStream:75 - [STDERR_REDIRECT] 
2025-06-29 21:54:25,620 [ERROR] LogOutputStream:75 - [STDERR_REDIRECT] Jun 29, 2025 9:54:25 PM java.util.prefs.FileSystemPreferences syncWorld
2025-06-29 21:54:25,620 [ERROR] LogOutputStream:75 - [STDERR_REDIRECT] WARNING: Couldn't flush system prefs: java.util.prefs.BackingStoreException: Couldn't get file lock.
2025-06-29 21:54:25,620 [ERROR] LogOutputStream:75 - [STDERR_REDIRECT] 
2025-06-29 21:54:55,618 [ERROR] LogOutputStream:75 - [STDERR_REDIRECT] Jun 29, 2025 9:54:55 PM java.util.prefs.FileSystemPreferences checkLockFile0ErrorCode
2025-06-29 21:54:55,619 [ERROR] LogOutputStream:75 - [STDERR_REDIRECT] WARNING: Could not lock System prefs. Unix error code 2.
2025-06-29 21:54:55,619 [ERROR] LogOutputStream:75 - [STDERR_REDIRECT] 
2025-06-29 21:54:55,619 [ERROR] LogOutputStream:75 - [STDERR_REDIRECT] Jun 29, 2025 9:54:55 PM java.util.prefs.FileSystemPreferences syncWorld
2025-06-29 21:54:55,619 [ERROR] LogOutputStream:75 - [STDERR_REDIRECT] WARNING: Couldn't flush system prefs: java.util.prefs.BackingStoreException: Couldn't get file lock.
2025-06-29 21:54:55,620 [ERROR] LogOutputStream:75 - [STDERR_REDIRECT] 
2025-06-29 21:55:25,619 [ERROR] LogOutputStream:75 - [STDERR_REDIRECT] Jun 29, 2025 9:55:25 PM java.util.prefs.FileSystemPreferences checkLockFile0ErrorCode
2025-06-29 21:55:25,619 [ERROR] LogOutputStream:75 - [STDERR_REDIRECT] WARNING: Could not lock System prefs. Unix error code 2.
2025-06-29 21:55:25,619 [ERROR] LogOutputStream:75 - [STDERR_REDIRECT] 
2025-06-29 21:55:25,619 [ERROR] LogOutputStream:75 - [STDERR_REDIRECT] Jun 29, 2025 9:55:25 PM java.util.prefs.FileSystemPreferences syncWorld
2025-06-29 21:55:25,620 [ERROR] LogOutputStream:75 - [STDERR_REDIRECT] WARNING: Couldn't flush system prefs: java.util.prefs.BackingStoreException: Couldn't get file lock.
2025-06-29 21:55:25,620 [ERROR] LogOutputStream:75 - [STDERR_REDIRECT] 
2025-06-29 21:55:55,618 [ERROR] LogOutputStream:75 - [STDERR_REDIRECT] Jun 29, 2025 9:55:55 PM java.util.prefs.FileSystemPreferences checkLockFile0ErrorCode
2025-06-29 21:55:55,619 [ERROR] LogOutputStream:75 - [STDERR_REDIRECT] WARNING: Could not lock System prefs. Unix error code 2.
2025-06-29 21:55:55,619 [ERROR] LogOutputStream:75 - [STDERR_REDIRECT] 
2025-06-29 21:55:55,620 [ERROR] LogOutputStream:75 - [STDERR_REDIRECT] Jun 29, 2025 9:55:55 PM java.util.prefs.FileSystemPreferences syncWorld
2025-06-29 21:55:55,620 [ERROR] LogOutputStream:75 - [STDERR_REDIRECT] WARNING: Couldn't flush system prefs: java.util.prefs.BackingStoreException: Couldn't get file lock.
2025-06-29 21:55:55,620 [ERROR] LogOutputStream:75 - [STDERR_REDIRECT] 
2025-06-29 21:56:25,619 [ERROR] LogOutputStream:75 - [STDERR_REDIRECT] Jun 29, 2025 9:56:25 PM java.util.prefs.FileSystemPreferences checkLockFile0ErrorCode
2025-06-29 21:56:25,619 [ERROR] LogOutputStream:75 - [STDERR_REDIRECT] WARNING: Could not lock System prefs. Unix error code 2.
2025-06-29 21:56:25,619 [ERROR] LogOutputStream:75 - [STDERR_REDIRECT] 
2025-06-29 21:56:25,620 [ERROR] LogOutputStream:75 - [STDERR_REDIRECT] Jun 29, 2025 9:56:25 PM java.util.prefs.FileSystemPreferences syncWorld
2025-06-29 21:56:25,620 [ERROR] LogOutputStream:75 - [STDERR_REDIRECT] WARNING: Couldn't flush system prefs: java.util.prefs.BackingStoreException: Couldn't get file lock.
2025-06-29 21:56:25,620 [ERROR] LogOutputStream:75 - [STDERR_REDIRECT] 
2025-06-29 21:56:55,633 [ERROR] LogOutputStream:75 - [STDERR_REDIRECT] Jun 29, 2025 9:56:55 PM java.util.prefs.FileSystemPreferences checkLockFile0ErrorCode
2025-06-29 21:56:55,634 [ERROR] LogOutputStream:75 - [STDERR_REDIRECT] WARNING: Could not lock System prefs. Unix error code 2.
2025-06-29 21:56:55,634 [ERROR] LogOutputStream:75 - [STDERR_REDIRECT] 
2025-06-29 21:56:55,634 [ERROR] LogOutputStream:75 - [STDERR_REDIRECT] Jun 29, 2025 9:56:55 PM java.util.prefs.FileSystemPreferences syncWorld
2025-06-29 21:56:55,634 [ERROR] LogOutputStream:75 - [STDERR_REDIRECT] WARNING: Couldn't flush system prefs: java.util.prefs.BackingStoreException: Couldn't get file lock.
2025-06-29 21:56:55,635 [ERROR] LogOutputStream:75 - [STDERR_REDIRECT] 
2025-06-29 21:57:25,620 [ERROR] LogOutputStream:75 - [STDERR_REDIRECT] Jun 29, 2025 9:57:25 PM java.util.prefs.FileSystemPreferences checkLockFile0ErrorCode
2025-06-29 21:57:25,620 [ERROR] LogOutputStream:75 - [STDERR_REDIRECT] WARNING: Could not lock System prefs. Unix error code 2.
2025-06-29 21:57:25,620 [ERROR] LogOutputStream:75 - [STDERR_REDIRECT] 
2025-06-29 21:57:25,621 [ERROR] LogOutputStream:75 - [STDERR_REDIRECT] Jun 29, 2025 9:57:25 PM java.util.prefs.FileSystemPreferences syncWorld
2025-06-29 21:57:25,621 [ERROR] LogOutputStream:75 - [STDERR_REDIRECT] WARNING: Couldn't flush system prefs: java.util.prefs.BackingStoreException: Couldn't get file lock.
2025-06-29 21:57:25,621 [ERROR] LogOutputStream:75 - [STDERR_REDIRECT] 
2025-06-29 21:57:55,619 [ERROR] LogOutputStream:75 - [STDERR_REDIRECT] Jun 29, 2025 9:57:55 PM java.util.prefs.FileSystemPreferences checkLockFile0ErrorCode
2025-06-29 21:57:55,619 [ERROR] LogOutputStream:75 - [STDERR_REDIRECT] WARNING: Could not lock System prefs. Unix error code 2.
2025-06-29 21:57:55,619 [ERROR] LogOutputStream:75 - [STDERR_REDIRECT] 
2025-06-29 21:57:55,619 [ERROR] LogOutputStream:75 - [STDERR_REDIRECT] Jun 29, 2025 9:57:55 PM java.util.prefs.FileSystemPreferences syncWorld
2025-06-29 21:57:55,619 [ERROR] LogOutputStream:75 - [STDERR_REDIRECT] WARNING: Couldn't flush system prefs: java.util.prefs.BackingStoreException: Couldn't get file lock.
2025-06-29 21:57:55,619 [ERROR] LogOutputStream:75 - [STDERR_REDIRECT] 
2025-06-29 21:58:25,621 [ERROR] LogOutputStream:75 - [STDERR_REDIRECT] Jun 29, 2025 9:58:25 PM java.util.prefs.FileSystemPreferences checkLockFile0ErrorCode
2025-06-29 21:58:25,622 [ERROR] LogOutputStream:75 - [STDERR_REDIRECT] WARNING: Could not lock System prefs. Unix error code 2.
2025-06-29 21:58:25,622 [ERROR] LogOutputStream:75 - [STDERR_REDIRECT] 
2025-06-29 21:58:25,623 [ERROR] LogOutputStream:75 - [STDERR_REDIRECT] Jun 29, 2025 9:58:25 PM java.util.prefs.FileSystemPreferences syncWorld
2025-06-29 21:58:25,623 [ERROR] LogOutputStream:75 - [STDERR_REDIRECT] WARNING: Couldn't flush system prefs: java.util.prefs.BackingStoreException: Couldn't get file lock.
2025-06-29 21:58:25,623 [ERROR] LogOutputStream:75 - [STDERR_REDIRECT] 
2025-06-29 21:58:55,620 [ERROR] LogOutputStream:75 - [STDERR_REDIRECT] Jun 29, 2025 9:58:55 PM java.util.prefs.FileSystemPreferences checkLockFile0ErrorCode
2025-06-29 21:58:55,620 [ERROR] LogOutputStream:75 - [STDERR_REDIRECT] WARNING: Could not lock System prefs. Unix error code 2.
2025-06-29 21:58:55,620 [ERROR] LogOutputStream:75 - [STDERR_REDIRECT] 
2025-06-29 21:58:55,621 [ERROR] LogOutputStream:75 - [STDERR_REDIRECT] Jun 29, 2025 9:58:55 PM java.util.prefs.FileSystemPreferences syncWorld
2025-06-29 21:58:55,621 [ERROR] LogOutputStream:75 - [STDERR_REDIRECT] WARNING: Couldn't flush system prefs: java.util.prefs.BackingStoreException: Couldn't get file lock.
2025-06-29 21:58:55,621 [ERROR] LogOutputStream:75 - [STDERR_REDIRECT] 
2025-06-29 21:59:25,620 [ERROR] LogOutputStream:75 - [STDERR_REDIRECT] Jun 29, 2025 9:59:25 PM java.util.prefs.FileSystemPreferences checkLockFile0ErrorCode
2025-06-29 21:59:25,620 [ERROR] LogOutputStream:75 - [STDERR_REDIRECT] WARNING: Could not lock System prefs. Unix error code 2.
2025-06-29 21:59:25,621 [ERROR] LogOutputStream:75 - [STDERR_REDIRECT] 
2025-06-29 21:59:25,621 [ERROR] LogOutputStream:75 - [STDERR_REDIRECT] Jun 29, 2025 9:59:25 PM java.util.prefs.FileSystemPreferences syncWorld
2025-06-29 21:59:25,621 [ERROR] LogOutputStream:75 - [STDERR_REDIRECT] WARNING: Couldn't flush system prefs: java.util.prefs.BackingStoreException: Couldn't get file lock.
2025-06-29 21:59:25,622 [ERROR] LogOutputStream:75 - [STDERR_REDIRECT] 
2025-06-29 21:59:55,619 [ERROR] LogOutputStream:75 - [STDERR_REDIRECT] Jun 29, 2025 9:59:55 PM java.util.prefs.FileSystemPreferences checkLockFile0ErrorCode
2025-06-29 21:59:55,620 [ERROR] LogOutputStream:75 - [STDERR_REDIRECT] WARNING: Could not lock System prefs. Unix error code 2.
2025-06-29 21:59:55,620 [ERROR] LogOutputStream:75 - [STDERR_REDIRECT] 
2025-06-29 21:59:55,620 [ERROR] LogOutputStream:75 - [STDERR_REDIRECT] Jun 29, 2025 9:59:55 PM java.util.prefs.FileSystemPreferences syncWorld
2025-06-29 21:59:55,621 [ERROR] LogOutputStream:75 - [STDERR_REDIRECT] WARNING: Couldn't flush system prefs: java.util.prefs.BackingStoreException: Couldn't get file lock.
2025-06-29 21:59:55,621 [ERROR] LogOutputStream:75 - [STDERR_REDIRECT] 
2025-06-29 22:00:25,619 [ERROR] LogOutputStream:75 - [STDERR_REDIRECT] Jun 29, 2025 10:00:25 PM java.util.prefs.FileSystemPreferences checkLockFile0ErrorCode
2025-06-29 22:00:25,620 [ERROR] LogOutputStream:75 - [STDERR_REDIRECT] WARNING: Could not lock System prefs. Unix error code 2.
2025-06-29 22:00:25,620 [ERROR] LogOutputStream:75 - [STDERR_REDIRECT] 
2025-06-29 22:00:25,620 [ERROR] LogOutputStream:75 - [STDERR_REDIRECT] Jun 29, 2025 10:00:25 PM java.util.prefs.FileSystemPreferences syncWorld
2025-06-29 22:00:25,620 [ERROR] LogOutputStream:75 - [STDERR_REDIRECT] WARNING: Couldn't flush system prefs: java.util.prefs.BackingStoreException: Couldn't get file lock.
2025-06-29 22:00:25,621 [ERROR] LogOutputStream:75 - [STDERR_REDIRECT] 
2025-06-29 22:00:55,619 [ERROR] LogOutputStream:75 - [STDERR_REDIRECT] Jun 29, 2025 10:00:55 PM java.util.prefs.FileSystemPreferences checkLockFile0ErrorCode
2025-06-29 22:00:55,620 [ERROR] LogOutputStream:75 - [STDERR_REDIRECT] WARNING: Could not lock System prefs. Unix error code 2.
2025-06-29 22:00:55,620 [ERROR] LogOutputStream:75 - [STDERR_REDIRECT] 
2025-06-29 22:00:55,620 [ERROR] LogOutputStream:75 - [STDERR_REDIRECT] Jun 29, 2025 10:00:55 PM java.util.prefs.FileSystemPreferences syncWorld
2025-06-29 22:00:55,621 [ERROR] LogOutputStream:75 - [STDERR_REDIRECT] WARNING: Couldn't flush system prefs: java.util.prefs.BackingStoreException: Couldn't get file lock.
2025-06-29 22:00:55,621 [ERROR] LogOutputStream:75 - [STDERR_REDIRECT] 
2025-06-29 22:01:25,620 [ERROR] LogOutputStream:75 - [STDERR_REDIRECT] Jun 29, 2025 10:01:25 PM java.util.prefs.FileSystemPreferences checkLockFile0ErrorCode
2025-06-29 22:01:25,620 [ERROR] LogOutputStream:75 - [STDERR_REDIRECT] WARNING: Could not lock System prefs. Unix error code 2.
2025-06-29 22:01:25,620 [ERROR] LogOutputStream:75 - [STDERR_REDIRECT] 
2025-06-29 22:01:25,620 [ERROR] LogOutputStream:75 - [STDERR_REDIRECT] Jun 29, 2025 10:01:25 PM java.util.prefs.FileSystemPreferences syncWorld
2025-06-29 22:01:25,621 [ERROR] LogOutputStream:75 - [STDERR_REDIRECT] WARNING: Couldn't flush system prefs: java.util.prefs.BackingStoreException: Couldn't get file lock.
2025-06-29 22:01:25,621 [ERROR] LogOutputStream:75 - [STDERR_REDIRECT] 
2025-06-29 22:01:55,619 [ERROR] LogOutputStream:75 - [STDERR_REDIRECT] Jun 29, 2025 10:01:55 PM java.util.prefs.FileSystemPreferences checkLockFile0ErrorCode
2025-06-29 22:01:55,620 [ERROR] LogOutputStream:75 - [STDERR_REDIRECT] WARNING: Could not lock System prefs. Unix error code 2.
2025-06-29 22:01:55,620 [ERROR] LogOutputStream:75 - [STDERR_REDIRECT] 
2025-06-29 22:01:55,620 [ERROR] LogOutputStream:75 - [STDERR_REDIRECT] Jun 29, 2025 10:01:55 PM java.util.prefs.FileSystemPreferences syncWorld
2025-06-29 22:01:55,621 [ERROR] LogOutputStream:75 - [STDERR_REDIRECT] WARNING: Couldn't flush system prefs: java.util.prefs.BackingStoreException: Couldn't get file lock.
2025-06-29 22:01:55,621 [ERROR] LogOutputStream:75 - [STDERR_REDIRECT] 
2025-06-29 22:02:12,441 [ERROR] LogOutputStream:75 - [STDERR_REDIRECT] 
2025-06-29 22:02:12,441 [ERROR] LogOutputStream:75 - [STDERR_REDIRECT] 
